#
# There is insufficient memory for the Java Runtime Environment to continue.
# Native memory allocation (malloc) failed to allocate 65552 bytes for Chunk::new
# Possible reasons:
#   The system is out of physical RAM or swap space
#   In 32 bit mode, the process size limit was hit
# Possible solutions:
#   Reduce memory load on the system
#   Increase physical memory or swap space
#   Check if swap backing store is full
#   Use 64 bit Java on a 64 bit OS
#   Decrease Java heap size (-Xmx/-Xms)
#   Decrease number of Java threads
#   Decrease Java thread stack sizes (-Xss)
#   Set larger code cache with -XX:ReservedCodeCacheSize=
# This output file may be truncated or incomplete.
#
#  Out of Memory Error (allocation.cpp:390), pid=30172, tid=0x0000000000005840
#
# JRE version: Java(TM) SE Runtime Environment (8.0_121-b13) (build 1.8.0_121-b13)
# Java VM: Java HotSpot(TM) 64-Bit Server VM (25.121-b13 mixed mode windows-amd64 compressed oops)
# Failed to write core dump. Minidumps are not enabled by default on client versions of Windows
#

---------------  T H R E A D  ---------------

Current thread (0x000000001d4c7800):  JavaThread "C2 CompilerThread1" daemon [_thread_in_native, id=22592, stack(0x000000001daf0000,0x000000001dbf0000)]

Stack: [0x000000001daf0000,0x000000001dbf0000]
[error occurred during error reporting (printing stack bounds), id 0xc0000005]

Native frames: (J=compiled Java code, j=interpreted, Vv=VM code, C=native code)


Current CompileTask:
C2:   1059 1662   !   4       java.net.URLClassLoader$1::run (63 bytes)


---------------  P R O C E S S  ---------------

Java Threads: ( => current thread )
  0x000000001d58a000 JavaThread "Monitor Ctrl-Break" daemon [_thread_in_native, id=30664, stack(0x000000001e210000,0x000000001e310000)]
  0x000000001d544000 JavaThread "Service Thread" daemon [_thread_blocked, id=23156, stack(0x000000001de50000,0x000000001df50000)]
  0x000000001d4c8000 JavaThread "C1 CompilerThread2" daemon [_thread_blocked, id=27364, stack(0x000000001dc60000,0x000000001dd60000)]
=>0x000000001d4c7800 JavaThread "C2 CompilerThread1" daemon [_thread_in_native, id=22592, stack(0x000000001daf0000,0x000000001dbf0000)]
  0x000000001bf99800 JavaThread "C2 CompilerThread0" daemon [_thread_in_native, id=17504, stack(0x000000001d8d0000,0x000000001d9d0000)]
  0x000000001bf97800 JavaThread "Attach Listener" daemon [_thread_blocked, id=30860, stack(0x000000001d9d0000,0x000000001dad0000)]
  0x000000001bf9f000 JavaThread "Signal Dispatcher" daemon [_thread_blocked, id=33320, stack(0x000000001d3c0000,0x000000001d4c0000)]
  0x000000001bf79800 JavaThread "Finalizer" daemon [_thread_blocked, id=29912, stack(0x000000001d1b0000,0x000000001d2b0000)]
  0x000000001bf32800 JavaThread "Reference Handler" daemon [_thread_blocked, id=32028, stack(0x000000001ce90000,0x000000001cf90000)]
  0x000000000220e800 JavaThread "main" [_thread_in_native, id=33092, stack(0x0000000002320000,0x0000000002420000)]

Other Threads:
  0x000000001bf2b000 VMThread [stack: 0x000000001cfa0000,0x000000001d0a0000] [id=32956]
  0x000000001d506800 WatcherThread [stack: 0x000000001dfc0000,0x000000001e0c0000] [id=32988]

VM state:not at safepoint (normal execution)

VM Mutex/Monitor currently owned by a thread: None

Heap:
 PSYoungGen      total 76288K, used 31128K [0x000000076b380000, 0x0000000770880000, 0x00000007c0000000)
  eden space 65536K, 32% used [0x000000076b380000,0x000000076c831528,0x000000076f380000)
  from space 10752K, 92% used [0x000000076f380000,0x000000076fd34cc8,0x000000076fe00000)
  to   space 10752K, 0% used [0x000000076fe00000,0x000000076fe00000,0x0000000770880000)
 ParOldGen       total 175104K, used 8K [0x00000006c1a00000, 0x00000006cc500000, 0x000000076b380000)
  object space 175104K, 0% used [0x00000006c1a00000,0x00000006c1a02000,0x00000006cc500000)
 Metaspace       used 14920K, capacity 15202K, committed 15616K, reserved 1062912K
  class space    used 1846K, capacity 1941K, committed 2048K, reserved 1048576K

Card table byte_map: [0x0000000011b30000,0x0000000012330000] byte_map_base: 0x000000000e523000

Marking Bits: (ParMarkBitMap*) 0x000000005ad1b6d0
 Begin Bits: [0x0000000012e70000, 0x0000000016e08000)
 End Bits:   [0x0000000016e08000, 0x000000001ada0000)

Polling page: 0x0000000000350000

CodeCache: size=245760Kb used=5723Kb max_used=5723Kb free=240037Kb
 bounds [0x0000000002770000, 0x0000000002d10000, 0x0000000011770000]
 total_blobs=2028 nmethods=1683 adapters=257
 compilation: enabled

Compilation events (10 events):
Event: 1.058 Thread 0x000000001d4c8000 nmethod 1683 0x0000000002d0b610 code [0x0000000002d0b7c0, 0x0000000002d0bd08]
Event: 1.058 Thread 0x000000001d4c8000 1680       3       org.codehaus.plexus.interpolation.AbstractValueSource::clearFeedback (17 bytes)
Event: 1.058 Thread 0x000000001d4c8000 nmethod 1680 0x0000000002d0bf50 code [0x0000000002d0c0c0, 0x0000000002d0c328]
Event: 1.058 Thread 0x000000001d4c8000 1681       3       org.codehaus.plexus.interpolation.StringSearchInterpolator::removeValuesSource (12 bytes)
Event: 1.058 Thread 0x000000001d4c8000 nmethod 1681 0x0000000002d0c3d0 code [0x0000000002d0c540, 0x0000000002d0c768]
Event: 1.058 Thread 0x000000001d4c8000 1684       3       java.util.ArrayList::fastRemove (57 bytes)
Event: 1.058 Thread 0x000000001d4c8000 nmethod 1684 0x0000000002d0c850 code [0x0000000002d0c9c0, 0x0000000002d0cda8]
Event: 1.058 Thread 0x000000001d4c8000 1688       1       org.eclipse.aether.artifact.DefaultArtifact::getVersion (5 bytes)
Event: 1.058 Thread 0x000000001d4c8000 nmethod 1688 0x0000000002d0cf10 code [0x0000000002d0d060, 0x0000000002d0d170]
Event: 1.058 Thread 0x000000001d4c8000 1687       1       org.apache.maven.model.building.DefaultModelBuildingRequest::getValidationLevel (5 bytes)

GC Heap History (2 events):
Event: 0.731 GC heap before
{Heap before GC invocations=1 (full 0):
 PSYoungGen      total 76288K, used 65536K [0x000000076b380000, 0x0000000770880000, 0x00000007c0000000)
  eden space 65536K, 100% used [0x000000076b380000,0x000000076f380000,0x000000076f380000)
  from space 10752K, 0% used [0x000000076fe00000,0x000000076fe00000,0x0000000770880000)
  to   space 10752K, 0% used [0x000000076f380000,0x000000076f380000,0x000000076fe00000)
 ParOldGen       total 175104K, used 0K [0x00000006c1a00000, 0x00000006cc500000, 0x000000076b380000)
  object space 175104K, 0% used [0x00000006c1a00000,0x00000006c1a00000,0x00000006cc500000)
 Metaspace       used 11912K, capacity 12116K, committed 12416K, reserved 1060864K
  class space    used 1504K, capacity 1608K, committed 1664K, reserved 1048576K
Event: 0.739 GC heap after
Heap after GC invocations=1 (full 0):
 PSYoungGen      total 76288K, used 9939K [0x000000076b380000, 0x0000000770880000, 0x00000007c0000000)
  eden space 65536K, 0% used [0x000000076b380000,0x000000076b380000,0x000000076f380000)
  from space 10752K, 92% used [0x000000076f380000,0x000000076fd34cc8,0x000000076fe00000)
  to   space 10752K, 0% used [0x000000076fe00000,0x000000076fe00000,0x0000000770880000)
 ParOldGen       total 175104K, used 8K [0x00000006c1a00000, 0x00000006cc500000, 0x000000076b380000)
  object space 175104K, 0% used [0x00000006c1a00000,0x00000006c1a02000,0x00000006cc500000)
 Metaspace       used 11912K, capacity 12116K, committed 12416K, reserved 1060864K
  class space    used 1504K, capacity 1608K, committed 1664K, reserved 1048576K
}

Deoptimization events (10 events):
Event: 0.428 Thread 0x000000000220e800 Uncommon trap: reason=unstable_if action=reinterpret pc=0x0000000002a224e0 method=org.codehaus.plexus.util.xml.pull.MXParser.isWhitespace()Z @ 20
Event: 0.432 Thread 0x000000000220e800 Uncommon trap: reason=range_check action=make_not_entrant pc=0x00000000029c7b68 method=sun.reflect.generics.parser.SignatureParser.current()C @ 34
Event: 0.791 Thread 0x000000000220e800 Uncommon trap: reason=unstable_if action=reinterpret pc=0x0000000002abdb38 method=java.util.concurrent.ConcurrentHashMap.putVal(Ljava/lang/Object;Ljava/lang/Object;Z)Ljava/lang/Object; @ 206
Event: 0.891 Thread 0x000000000220e800 Uncommon trap: reason=unstable_if action=reinterpret pc=0x0000000002a63188 method=org.codehaus.plexus.util.xml.pull.MXParser.parseStartTag()I @ 443
Event: 0.951 Thread 0x000000000220e800 Uncommon trap: reason=unstable_if action=reinterpret pc=0x0000000002958510 method=java.lang.String.replace(CC)Ljava/lang/String; @ 2
Event: 0.999 Thread 0x000000000220e800 Uncommon trap: reason=unstable_if action=reinterpret pc=0x0000000002c657c8 method=sun.nio.cs.UTF_8$Decoder.decode([BII[C)I @ 30
Event: 0.999 Thread 0x000000000220e800 Uncommon trap: reason=unstable_if action=reinterpret pc=0x00000000029e5ff0 method=sun.nio.cs.UTF_8$Decoder.decodeArrayLoop(Ljava/nio/ByteBuffer;Ljava/nio/CharBuffer;)Ljava/nio/charset/CoderResult; @ 84
Event: 1.015 Thread 0x000000000220e800 Uncommon trap: reason=unstable_if action=reinterpret pc=0x0000000002cbfc40 method=org.codehaus.plexus.util.xml.pull.MXParser.nextImpl()I @ 1161
Event: 1.021 Thread 0x000000000220e800 Uncommon trap: reason=unstable_if action=reinterpret pc=0x0000000002a2e128 method=java.util.HashMap.hash(Ljava/lang/Object;)I @ 1
Event: 1.021 Thread 0x000000000220e800 Uncommon trap: reason=unstable_if action=reinterpret pc=0x0000000002a4cc28 method=java.util.HashMap.hash(Ljava/lang/Object;)I @ 1

Internal exceptions (10 events):
Event: 0.362 Thread 0x000000000220e800 Exception <a 'java/lang/ArrayIndexOutOfBoundsException'> (0x000000076c7b8e28) thrown at [C:\re\workspace\8-2-build-windows-amd64-cygwin\jdk8u121\8372\hotspot\src\share\vm\runtime\sharedRuntime.cpp, line 605]
Event: 0.363 Thread 0x000000000220e800 Exception <a 'java/lang/ArrayIndexOutOfBoundsException'> (0x000000076c7ba578) thrown at [C:\re\workspace\8-2-build-windows-amd64-cygwin\jdk8u121\8372\hotspot\src\share\vm\runtime\sharedRuntime.cpp, line 605]
Event: 0.363 Thread 0x000000000220e800 Exception <a 'java/lang/ArrayIndexOutOfBoundsException'> (0x000000076c7bbcb8) thrown at [C:\re\workspace\8-2-build-windows-amd64-cygwin\jdk8u121\8372\hotspot\src\share\vm\runtime\sharedRuntime.cpp, line 605]
Event: 0.432 Thread 0x000000000220e800 Exception <a 'java/lang/ArrayIndexOutOfBoundsException': 73> (0x000000076d415df8) thrown at [C:\re\workspace\8-2-build-windows-amd64-cygwin\jdk8u121\8372\hotspot\src\share\vm\interpreter\interpreterRuntime.cpp, line 366]
Event: 0.432 Thread 0x000000000220e800 Exception <a 'java/lang/ArrayIndexOutOfBoundsException': 131> (0x000000076d4177a0) thrown at [C:\re\workspace\8-2-build-windows-amd64-cygwin\jdk8u121\8372\hotspot\src\share\vm\interpreter\interpreterRuntime.cpp, line 366]
Event: 0.806 Thread 0x000000000220e800 Exception <a 'java/lang/NoClassDefFoundError': com/google/inject/servlet/ServletModuleTargetVisitor> (0x000000076b94f468) thrown at [C:\re\workspace\8-2-build-windows-amd64-cygwin\jdk8u121\8372\hotspot\src\share\vm\classfile\systemDictionary.cpp, line 199
Event: 0.806 Thread 0x000000000220e800 Exception <a 'java/lang/NoClassDefFoundError'> (0x000000076b94f468) thrown at [C:\re\workspace\8-2-build-windows-amd64-cygwin\jdk8u121\8372\hotspot\src\share\vm\prims\jvm.cpp, line 1394]
Event: 0.806 Thread 0x000000000220e800 Exception <a 'java/lang/NoClassDefFoundError': javax/annotation/Priority> (0x000000076b954ac8) thrown at [C:\re\workspace\8-2-build-windows-amd64-cygwin\jdk8u121\8372\hotspot\src\share\vm\classfile\systemDictionary.cpp, line 199]
Event: 1.021 Thread 0x000000000220e800 Implicit null exception at 0x0000000002a2df15 to 0x0000000002a2e119
Event: 1.021 Thread 0x000000000220e800 Implicit null exception at 0x0000000002a4cbaf to 0x0000000002a4cc19

Events (10 events):
Event: 1.050 Thread 0x000000000220e800 DEOPT PACKING pc=0x0000000002cc578a sp=0x000000000241c6b0
Event: 1.050 Thread 0x000000000220e800 DEOPT UNPACKING pc=0x00000000027b787f sp=0x000000000241c530 mode 0
Event: 1.051 Thread 0x000000000220e800 DEOPT PACKING pc=0x0000000002cb720b sp=0x000000000241c690
Event: 1.051 Thread 0x000000000220e800 DEOPT UNPACKING pc=0x00000000027b787f sp=0x000000000241c490 mode 0
Event: 1.055 loading class org/eclipse/aether/internal/impl/DataPool$GoodDescriptor
Event: 1.055 loading class org/eclipse/aether/internal/impl/DataPool$GoodDescriptor done
Event: 1.055 loading class org/eclipse/aether/internal/impl/DataPool$Descriptor
Event: 1.055 loading class org/eclipse/aether/internal/impl/DataPool$Descriptor done
Event: 1.056 loading class org/eclipse/aether/internal/impl/DataPool$GraphKey
Event: 1.056 loading class org/eclipse/aether/internal/impl/DataPool$GraphKey done


Dynamic libraries:
0x000000013f6d0000 - 0x000000013f707000 	C:\Program Files\Java\jdk1.8.0_121\bin\java.exe
0x00000000773c0000 - 0x0000000077569000 	C:\Windows\SYSTEM32\ntdll.dll
0x000007fefc020000 - 0x000007fefc054000 	C:\Program Files\AVAST Software\Avast\x64\aswhooka.dll
0x00000000772a0000 - 0x00000000773bf000 	C:\Windows\system32\kernel32.dll
0x000007fefd2d0000 - 0x000007fefd33c000 	C:\Windows\system32\KERNELBASE.dll
0x000007fefedd0000 - 0x000007fefeeab000 	C:\Windows\system32\ADVAPI32.dll
0x000007feff2b0000 - 0x000007feff34f000 	C:\Windows\system32\msvcrt.dll
0x000007feff350000 - 0x000007feff36f000 	C:\Windows\SYSTEM32\sechost.dll
0x000007fefd660000 - 0x000007fefd78d000 	C:\Windows\system32\RPCRT4.dll
0x00000000771a0000 - 0x000000007729a000 	C:\Windows\system32\USER32.dll
0x000007fefeeb0000 - 0x000007fefef17000 	C:\Windows\system32\GDI32.dll
0x000007fefd9a0000 - 0x000007fefd9ae000 	C:\Windows\system32\LPK.dll
0x000007feff370000 - 0x000007feff439000 	C:\Windows\system32\USP10.dll
0x000007fefbdb0000 - 0x000007fefbfa4000 	C:\Windows\WinSxS\amd64_microsoft.windows.common-controls_6595b64144ccf1df_6.0.7601.17514_none_fa396087175ac9ac\COMCTL32.dll
0x000007fefdbd0000 - 0x000007fefdc41000 	C:\Windows\system32\SHLWAPI.dll
0x000007fefd970000 - 0x000007fefd99e000 	C:\Windows\system32\IMM32.DLL
0x000007fefdde0000 - 0x000007fefdee9000 	C:\Windows\system32\MSCTF.dll
0x0000000066ec0000 - 0x0000000066f92000 	C:\Program Files\Java\jdk1.8.0_121\jre\bin\msvcr100.dll
0x000000005a500000 - 0x000000005ad9b000 	C:\Program Files\Java\jdk1.8.0_121\jre\bin\server\jvm.dll
0x000007fef87f0000 - 0x000007fef87f9000 	C:\Windows\system32\WSOCK32.dll
0x000007fefed80000 - 0x000007fefedcd000 	C:\Windows\system32\WS2_32.dll
0x000007fefd9b0000 - 0x000007fefd9b8000 	C:\Windows\system32\NSI.dll
0x000007fef5170000 - 0x000007fef51ab000 	C:\Windows\system32\WINMM.dll
0x000007fefc2d0000 - 0x000007fefc2dc000 	C:\Windows\system32\VERSION.dll
0x0000000077580000 - 0x0000000077587000 	C:\Windows\system32\PSAPI.DLL
0x0000000072b10000 - 0x0000000072b1f000 	C:\Program Files\Java\jdk1.8.0_121\jre\bin\verify.dll
0x00000000717a0000 - 0x00000000717c9000 	C:\Program Files\Java\jdk1.8.0_121\jre\bin\java.dll
0x0000000071800000 - 0x0000000071816000 	C:\Program Files\Java\jdk1.8.0_121\jre\bin\zip.dll
0x000007fefdf50000 - 0x000007fefecd8000 	C:\Windows\system32\SHELL32.dll
0x000007fefd9c0000 - 0x000007fefdbc3000 	C:\Windows\system32\ole32.dll
0x000007fefd210000 - 0x000007fefd21f000 	C:\Windows\system32\profapi.dll
0x000007fef6c40000 - 0x000007fef6c50000 	C:\Program Files (x86)\JetBrains\IntelliJ IDEA Community Edition 2016.3.4\bin\breakgen64.dll
0x0000000070e20000 - 0x0000000070e3a000 	C:\Program Files\Java\jdk1.8.0_121\jre\bin\net.dll
0x000007fefcad0000 - 0x000007fefcb25000 	C:\Windows\system32\mswsock.dll
0x000007fefc940000 - 0x000007fefc947000 	C:\Windows\System32\wship6.dll
0x0000000070e00000 - 0x0000000070e11000 	C:\Program Files\Java\jdk1.8.0_121\jre\bin\nio.dll

VM Arguments:
jvm_args: -Dmaven.multiModuleProjectDirectory=C:\Users\OLEX\IdeaProjects\Ecom -Dmaven.home=C:\Program Files (x86)\JetBrains\IntelliJ IDEA Community Edition 2016.3.4\plugins\maven\lib\maven3 -Dclassworlds.conf=C:\Program Files (x86)\JetBrains\IntelliJ IDEA Community Edition 2016.3.4\plugins\maven\lib\maven3\bin\m2.conf -Didea.launcher.port=7536 -Didea.launcher.bin.path=C:\Program Files (x86)\JetBrains\IntelliJ IDEA Community Edition 2016.3.4\bin -Dfile.encoding=UTF-8 
java_command: com.intellij.rt.execution.application.AppMain org.codehaus.classworlds.Launcher -Didea.version=2016.3.4 clean
java_class_path (initial): C:\Program Files (x86)\JetBrains\IntelliJ IDEA Community Edition 2016.3.4\plugins\maven\lib\maven3\boot\plexus-classworlds-2.5.2.jar;C:\Program Files (x86)\JetBrains\IntelliJ IDEA Community Edition 2016.3.4\lib\idea_rt.jar
Launcher Type: SUN_STANDARD

Environment Variables:
JAVA_HOME=C:\Program Files\Java\jdk1.8.0_121
PATH=C:\ProgramData\Oracle\Java\javapath;C:\Program Files (x86)\Intel\iCLS Client\;C:\Program Files\Intel\iCLS Client\;C:\Windows\system32;C:\Windows;C:\Windows\System32\Wbem;C:\Windows\System32\WindowsPowerShell\v1.0\;C:\Program Files\Intel\Intel(R) Management Engine Components\DAL;C:\Program Files\Intel\Intel(R) Management Engine Components\IPT;C:\Program Files (x86)\Intel\Intel(R) Management Engine Components\DAL;C:\Program Files (x86)\Intel\Intel(R) Management Engine Components\IPT;C:\Program Files (x86)\AMD\ATI.ACE\Core-Static;C:\Program Files\OpenVPN\bin;C:\Program Files (x86)\Git\cmd;%JAVA_HOME%\bin;C:\Program Files (x86)\Skype\Phone\;C:\chromedriver;;C:\Program Files (x86)\Titan Poker New Client\data\QT;C:\Program Files (x86)\Titan Poker New Client\data\OpenSSL
USERNAME=OLEX
OS=Windows_NT
PROCESSOR_IDENTIFIER=Intel64 Family 6 Model 60 Stepping 3, GenuineIntel



---------------  S Y S T E M  ---------------

OS: Windows 7 , 64 bit Build 7601 (6.1.7601.18409)

CPU:total 4 (4 cores per cpu, 1 threads per core) family 6 model 60 stepping 3, cmov, cx8, fxsr, mmx, sse, sse2, sse3, ssse3, sse4.1, sse4.2, popcnt, avx, avx2, aes, clmul, erms, lzcnt, tsc, tscinvbit, bmi1, bmi2

Memory: 4k page, physical 16668136k(3706876k free), swap 19513496k(5148k free)

vm_info: Java HotSpot(TM) 64-Bit Server VM (25.121-b13) for windows-amd64 JRE (1.8.0_121-b13), built on Dec 12 2016 18:21:36 by "java_re" with MS VC++ 10.0 (VS2010)

time: Sun Feb 18 21:47:02 2018
elapsed time: 1 seconds (0d 0h 0m 1s)

